app/build/intermediates/manifest_merge_blame_file/release/manifest-merger-blame-release-report.txt
1<?xml version="1.0" encoding="utf-8"?>
2<manifest xmlns:android="http://schemas.android.com/apk/res/android"
3    package="com.hayat.stockprobeta"
4    android:versionCode="1"
5    android:versionName="1.0" >
6
7    <uses-sdk
8        android:minSdkVersion="19"
8-->src\main\AndroidManifest.xml
9        android:targetSdkVersion="31" />
9-->src\main\AndroidManifest.xml
10
11    <application
11-->src\main\AndroidManifest.xml:5:5-68:19
12        android:allowBackup="true"
12-->src\main\AndroidManifest.xml:6:9-35
13        android:appComponentFactory="androidx.core.app.CoreComponentFactory"
13-->[androidx.core:core:1.7.0] AndroidManifest.xml:24:18-86
14        android:debuggable="true"
15        android:icon="@mipmap/ic_launcher"
15-->src\main\AndroidManifest.xml:7:9-43
16        android:label="@string/app_name"
16-->src\main\AndroidManifest.xml:8:9-41
17        android:roundIcon="@mipmap/ic_launcher_round"
17-->src\main\AndroidManifest.xml:9:9-54
18        android:supportsRtl="true"
18-->src\main\AndroidManifest.xml:10:9-35
19        android:theme="@style/Theme.StockProBeta" >
19-->src\main\AndroidManifest.xml:11:9-50
20        <activity
20-->src\main\AndroidManifest.xml:12:9-14:40
21            android:name="com.hayat.stockprobeta.View_OrderList"
21-->src\main\AndroidManifest.xml:13:13-43
22            android:exported="false" />
22-->src\main\AndroidManifest.xml:14:13-37
23        <activity
23-->src\main\AndroidManifest.xml:15:9-17:40
24            android:name="com.hayat.stockprobeta.View_StockList"
24-->src\main\AndroidManifest.xml:16:13-43
25            android:exported="false" />
25-->src\main\AndroidManifest.xml:17:13-37
26        <activity
26-->src\main\AndroidManifest.xml:18:9-20:40
27            android:name="com.hayat.stockprobeta.expenseList"
27-->src\main\AndroidManifest.xml:19:13-40
28            android:exported="false" />
28-->src\main\AndroidManifest.xml:20:13-37
29        <activity
29-->src\main\AndroidManifest.xml:21:9-23:40
30            android:name="com.hayat.stockprobeta.date"
30-->src\main\AndroidManifest.xml:22:13-33
31            android:exported="false" />
31-->src\main\AndroidManifest.xml:23:13-37
32        <activity
32-->src\main\AndroidManifest.xml:24:9-26:40
33            android:name="com.hayat.stockprobeta.Addorder"
33-->src\main\AndroidManifest.xml:25:13-37
34            android:exported="false" />
34-->src\main\AndroidManifest.xml:26:13-37
35        <activity
35-->src\main\AndroidManifest.xml:27:9-29:40
36            android:name="com.hayat.stockprobeta.ADDpurchase"
36-->src\main\AndroidManifest.xml:28:13-40
37            android:exported="false" />
37-->src\main\AndroidManifest.xml:29:13-37
38        <activity
38-->src\main\AndroidManifest.xml:30:9-32:40
39            android:name="com.hayat.stockprobeta.SalelistActivity"
39-->src\main\AndroidManifest.xml:31:13-45
40            android:exported="false" />
40-->src\main\AndroidManifest.xml:32:13-37
41        <activity
41-->src\main\AndroidManifest.xml:33:9-35:40
42            android:name="com.hayat.stockprobeta.PurchaselistActivity"
42-->src\main\AndroidManifest.xml:34:13-49
43            android:exported="false" />
43-->src\main\AndroidManifest.xml:35:13-37
44        <activity
44-->src\main\AndroidManifest.xml:36:9-38:40
45            android:name="com.hayat.stockprobeta.OrderlistActivity"
45-->src\main\AndroidManifest.xml:37:13-46
46            android:exported="false" />
46-->src\main\AndroidManifest.xml:38:13-37
47        <activity
47-->src\main\AndroidManifest.xml:39:9-41:40
48            android:name="com.hayat.stockprobeta.StocklistActivity"
48-->src\main\AndroidManifest.xml:40:13-46
49            android:exported="false" />
49-->src\main\AndroidManifest.xml:41:13-37
50        <activity
50-->src\main\AndroidManifest.xml:42:9-44:40
51            android:name="com.hayat.stockprobeta.Dashboard2"
51-->src\main\AndroidManifest.xml:43:13-39
52            android:exported="false" />
52-->src\main\AndroidManifest.xml:44:13-37
53        <activity
53-->src\main\AndroidManifest.xml:45:9-49:69
54            android:name="com.hayat.stockprobeta.ProductlistActivity"
54-->src\main\AndroidManifest.xml:46:13-48
55            android:exported="false"
55-->src\main\AndroidManifest.xml:47:13-37
56            android:label="@string/title_activity_productlist"
56-->src\main\AndroidManifest.xml:48:13-63
57            android:theme="@style/Theme.StockProBeta.NoActionBar" />
57-->src\main\AndroidManifest.xml:49:13-66
58        <activity
58-->src\main\AndroidManifest.xml:50:9-54:69
59            android:name="com.hayat.stockprobeta.DashboardActivity"
59-->src\main\AndroidManifest.xml:51:13-46
60            android:exported="false"
60-->src\main\AndroidManifest.xml:52:13-37
61            android:label="@string/title_activity_dashboard"
61-->src\main\AndroidManifest.xml:53:13-61
62            android:theme="@style/Theme.StockProBeta.NoActionBar" />
62-->src\main\AndroidManifest.xml:54:13-66
63        <activity
63-->src\main\AndroidManifest.xml:55:9-63:20
64            android:name="com.hayat.stockprobeta.MainActivity"
64-->src\main\AndroidManifest.xml:56:13-41
65            android:exported="true" >
65-->src\main\AndroidManifest.xml:57:13-36
66            <intent-filter>
66-->src\main\AndroidManifest.xml:58:13-62:29
67                <action android:name="android.intent.action.MAIN" />
67-->src\main\AndroidManifest.xml:59:17-69
67-->src\main\AndroidManifest.xml:59:25-66
68
69                <category android:name="android.intent.category.LAUNCHER" />
69-->src\main\AndroidManifest.xml:61:17-77
69-->src\main\AndroidManifest.xml:61:27-74
70            </intent-filter>
71        </activity>
72
73        <meta-data
73-->src\main\AndroidManifest.xml:65:9-67:57
74            android:name="preloaded_fonts"
74-->src\main\AndroidManifest.xml:66:13-43
75            android:resource="@array/preloaded_fonts" />
75-->src\main\AndroidManifest.xml:67:13-54
76
77        <provider
77-->[androidx.emoji2:emoji2:1.0.0] AndroidManifest.xml:26:9-34:20
78            android:name="androidx.startup.InitializationProvider"
78-->[androidx.emoji2:emoji2:1.0.0] AndroidManifest.xml:27:13-67
79            android:authorities="com.hayat.stockprobeta.androidx-startup"
79-->[androidx.emoji2:emoji2:1.0.0] AndroidManifest.xml:28:13-68
80            android:exported="false" >
80-->[androidx.emoji2:emoji2:1.0.0] AndroidManifest.xml:29:13-37
81            <meta-data
81-->[androidx.emoji2:emoji2:1.0.0] AndroidManifest.xml:31:13-33:52
82                android:name="androidx.emoji2.text.EmojiCompatInitializer"
82-->[androidx.emoji2:emoji2:1.0.0] AndroidManifest.xml:32:17-75
83                android:value="androidx.startup" />
83-->[androidx.emoji2:emoji2:1.0.0] AndroidManifest.xml:33:17-49
84            <meta-data
84-->[androidx.lifecycle:lifecycle-process:2.4.0] AndroidManifest.xml:31:13-33:52
85                android:name="androidx.lifecycle.ProcessLifecycleInitializer"
85-->[androidx.lifecycle:lifecycle-process:2.4.0] AndroidManifest.xml:32:17-78
86                android:value="androidx.startup" />
86-->[androidx.lifecycle:lifecycle-process:2.4.0] AndroidManifest.xml:33:17-49
87        </provider>
88    </application>
89
90</manifest>